<?xml version="1.0" encoding="UTF-8"?>
<coverage generated="1639646755610" clover="3.2.0">
  <project timestamp="1639646755610" name="All files">
    <metrics statements="107" coveredstatements="101" conditionals="38" coveredconditionals="32" methods="46" coveredmethods="43" elements="191" coveredelements="176" complexity="0" loc="107" ncloc="107" packages="1" files="6" classes="6"/>
    <file name="BridgeWNCG.vue" path="/Users/karl/Workspace/nine-chronicles-wallet/popup/src/views/BridgeWNCG.vue">
      <metrics statements="22" coveredstatements="22" conditionals="8" coveredconditionals="8" methods="9" coveredmethods="9"/>
      <line num="113" count="1" type="stmt"/>
      <line num="114" count="1" type="stmt"/>
      <line num="115" count="1" type="stmt"/>
      <line num="116" count="1" type="stmt"/>
      <line num="117" count="1" type="stmt"/>
      <line num="118" count="1" type="stmt"/>
      <line num="119" count="1" type="stmt"/>
      <line num="132" count="2" type="cond" truecount="2" falsecount="0"/>
      <line num="135" count="1" type="stmt"/>
      <line num="137" count="6" type="cond" truecount="2" falsecount="0"/>
      <line num="141" count="1" type="stmt"/>
      <line num="144" count="3" type="cond" truecount="3" falsecount="0"/>
      <line num="149" count="1" type="stmt"/>
      <line num="159" count="1" type="stmt"/>
      <line num="163" count="2" type="cond" truecount="1" falsecount="0"/>
      <line num="164" count="1" type="stmt"/>
      <line num="165" count="1" type="stmt"/>
      <line num="169" count="1" type="stmt"/>
      <line num="170" count="1" type="stmt"/>
      <line num="171" count="1" type="stmt"/>
      <line num="172" count="1" type="stmt"/>
      <line num="173" count="1" type="stmt"/>
    </file>
    <file name="ForgotPassword.vue" path="/Users/karl/Workspace/nine-chronicles-wallet/popup/src/views/ForgotPassword.vue">
      <metrics statements="3" coveredstatements="3" conditionals="0" coveredconditionals="0" methods="3" coveredmethods="3"/>
      <line num="20" count="1" type="stmt"/>
      <line num="22" count="1" type="stmt"/>
      <line num="30" count="1" type="stmt"/>
    </file>
    <file name="Initiate.vue" path="/Users/karl/Workspace/nine-chronicles-wallet/popup/src/views/Initiate.vue">
      <metrics statements="17" coveredstatements="14" conditionals="9" coveredconditionals="5" methods="12" coveredmethods="10"/>
      <line num="53" count="1" type="stmt"/>
      <line num="54" count="1" type="stmt"/>
      <line num="55" count="1" type="stmt"/>
      <line num="56" count="1" type="stmt"/>
      <line num="57" count="1" type="stmt"/>
      <line num="59" count="1" type="stmt"/>
      <line num="67" count="1" type="stmt"/>
      <line num="76" count="1" type="stmt"/>
      <line num="79" count="1" type="stmt"/>
      <line num="80" count="1" type="cond" truecount="1" falsecount="1"/>
      <line num="84" count="29" type="cond" truecount="2" falsecount="0"/>
      <line num="87" count="2" type="stmt"/>
      <line num="90" count="10" type="cond" truecount="2" falsecount="0"/>
      <line num="96" count="1" type="stmt"/>
      <line num="100" count="0" type="cond" truecount="0" falsecount="3"/>
      <line num="101" count="0" type="stmt"/>
      <line num="102" count="0" type="stmt"/>
    </file>
    <file name="InitiateMnemonic.vue" path="/Users/karl/Workspace/nine-chronicles-wallet/popup/src/views/InitiateMnemonic.vue">
      <metrics statements="27" coveredstatements="25" conditionals="9" coveredconditionals="8" methods="8" coveredmethods="8"/>
      <line num="69" count="1" type="stmt"/>
      <line num="70" count="1" type="stmt"/>
      <line num="72" count="1" type="stmt"/>
      <line num="80" count="2" type="stmt"/>
      <line num="92" count="4" type="stmt"/>
      <line num="96" count="2" type="stmt"/>
      <line num="100" count="2" type="cond" truecount="3" falsecount="0"/>
      <line num="101" count="1" type="stmt"/>
      <line num="103" count="2" type="stmt"/>
      <line num="104" count="2" type="cond" truecount="2" falsecount="0"/>
      <line num="105" count="1" type="stmt"/>
      <line num="106" count="1" type="stmt"/>
      <line num="107" count="1" type="stmt"/>
      <line num="109" count="1" type="stmt"/>
      <line num="113" count="1" type="stmt"/>
      <line num="114" count="1" type="stmt"/>
      <line num="115" count="25" type="stmt"/>
      <line num="121" count="1" type="stmt"/>
      <line num="122" count="1" type="stmt"/>
      <line num="124" count="0" type="stmt"/>
      <line num="129" count="1" type="stmt"/>
      <line num="130" count="1" type="cond" truecount="3" falsecount="1"/>
      <line num="131" count="1" type="stmt"/>
      <line num="132" count="1" type="stmt"/>
      <line num="134" count="1" type="stmt"/>
      <line num="139" count="1" type="stmt"/>
      <line num="141" count="0" type="stmt"/>
    </file>
    <file name="Login.vue" path="/Users/karl/Workspace/nine-chronicles-wallet/popup/src/views/Login.vue">
      <metrics statements="16" coveredstatements="15" conditionals="4" coveredconditionals="3" methods="5" coveredmethods="4"/>
      <line num="39" count="1" type="stmt"/>
      <line num="40" count="1" type="stmt"/>
      <line num="42" count="1" type="stmt"/>
      <line num="50" count="1" type="stmt"/>
      <line num="61" count="1" type="stmt"/>
      <line num="65" count="2" type="stmt"/>
      <line num="66" count="2" type="stmt"/>
      <line num="67" count="2" type="cond" truecount="2" falsecount="0"/>
      <line num="68" count="1" type="stmt"/>
      <line num="69" count="1" type="cond" truecount="1" falsecount="1"/>
      <line num="70" count="1" type="stmt"/>
      <line num="71" count="1" type="stmt"/>
      <line num="72" count="1" type="stmt"/>
      <line num="74" count="0" type="stmt"/>
      <line num="77" count="1" type="stmt"/>
      <line num="80" count="1" type="stmt"/>
    </file>
    <file name="Send.vue" path="/Users/karl/Workspace/nine-chronicles-wallet/popup/src/views/Send.vue">
      <metrics statements="22" coveredstatements="22" conditionals="8" coveredconditionals="8" methods="9" coveredmethods="9"/>
      <line num="113" count="1" type="stmt"/>
      <line num="114" count="1" type="stmt"/>
      <line num="115" count="1" type="stmt"/>
      <line num="116" count="1" type="stmt"/>
      <line num="117" count="1" type="stmt"/>
      <line num="118" count="1" type="stmt"/>
      <line num="119" count="1" type="stmt"/>
      <line num="120" count="1" type="stmt"/>
      <line num="133" count="2" type="cond" truecount="2" falsecount="0"/>
      <line num="136" count="4" type="cond" truecount="2" falsecount="0"/>
      <line num="139" count="1" type="stmt"/>
      <line num="142" count="3" type="cond" truecount="3" falsecount="0"/>
      <line num="147" count="1" type="stmt"/>
      <line num="157" count="1" type="stmt"/>
      <line num="161" count="2" type="cond" truecount="1" falsecount="0"/>
      <line num="162" count="1" type="stmt"/>
      <line num="163" count="1" type="stmt"/>
      <line num="167" count="1" type="stmt"/>
      <line num="168" count="1" type="stmt"/>
      <line num="169" count="1" type="stmt"/>
      <line num="170" count="1" type="stmt"/>
      <line num="171" count="1" type="stmt"/>
    </file>
  </project>
</coverage>
