{"/Users/karl/Workspace/nine-chronicles-wallet/popup/src/views/BridgeWNCG.vue": {"path":"/Users/karl/Workspace/nine-chronicles-wallet/popup/src/views/BridgeWNCG.vue","statementMap":{"0":{"start":{"line":113,"column":0},"end":{"line":113,"column":null}},"1":{"start":{"line":114,"column":0},"end":{"line":114,"column":null}},"2":{"start":{"line":115,"column":0},"end":{"line":115,"column":null}},"3":{"start":{"line":116,"column":0},"end":{"line":116,"column":null}},"4":{"start":{"line":117,"column":0},"end":{"line":117,"column":null}},"5":{"start":{"line":118,"column":0},"end":{"line":118,"column":null}},"6":{"start":{"line":119,"column":0},"end":{"line":119,"column":null}},"7":{"start":{"line":132,"column":0},"end":{"line":132,"column":null}},"8":{"start":{"line":135,"column":0},"end":{"line":137,"column":null}},"9":{"start":{"line":137,"column":0},"end":{"line":137,"column":null}},"10":{"start":{"line":141,"column":0},"end":{"line":141,"column":null}},"11":{"start":{"line":144,"column":0},"end":{"line":144,"column":null}},"12":{"start":{"line":149,"column":0},"end":{"line":149,"column":null}},"13":{"start":{"line":159,"column":0},"end":{"line":159,"column":null}},"14":{"start":{"line":163,"column":0},"end":{"line":166,"column":null}},"15":{"start":{"line":164,"column":0},"end":{"line":164,"column":null}},"16":{"start":{"line":165,"column":0},"end":{"line":165,"column":null}},"17":{"start":{"line":169,"column":0},"end":{"line":169,"column":null}},"18":{"start":{"line":170,"column":0},"end":{"line":170,"column":null}},"19":{"start":{"line":171,"column":0},"end":{"line":171,"column":null}},"20":{"start":{"line":172,"column":0},"end":{"line":172,"column":null}},"21":{"start":{"line":173,"column":0},"end":{"line":173,"column":null}}},"fnMap":{"0":{"name":"(anonymous_1)","decl":{"start":{"line":131,"column":0},"end":{"line":131,"column":null}},"loc":{"start":{"line":131,"column":0},"end":{"line":133,"column":null}}},"1":{"name":"(anonymous_2)","decl":{"start":{"line":134,"column":0},"end":{"line":134,"column":null}},"loc":{"start":{"line":134,"column":0},"end":{"line":139,"column":null}}},"2":{"name":"(anonymous_3)","decl":{"start":{"line":137,"column":0},"end":{"line":137,"column":null}},"loc":{"start":{"line":137,"column":0},"end":{"line":137,"column":null}}},"3":{"name":"(anonymous_5)","decl":{"start":{"line":140,"column":0},"end":{"line":140,"column":null}},"loc":{"start":{"line":140,"column":0},"end":{"line":142,"column":null}}},"4":{"name":"(anonymous_6)","decl":{"start":{"line":143,"column":0},"end":{"line":143,"column":null}},"loc":{"start":{"line":143,"column":0},"end":{"line":145,"column":null}}},"5":{"name":"(anonymous_7)","decl":{"start":{"line":148,"column":0},"end":{"line":148,"column":null}},"loc":{"start":{"line":148,"column":0},"end":{"line":157,"column":null}}},"6":{"name":"(anonymous_8)","decl":{"start":{"line":158,"column":0},"end":{"line":158,"column":null}},"loc":{"start":{"line":158,"column":0},"end":{"line":160,"column":null}}},"7":{"name":"(anonymous_9)","decl":{"start":{"line":162,"column":0},"end":{"line":162,"column":null}},"loc":{"start":{"line":162,"column":0},"end":{"line":167,"column":null}}},"8":{"name":"(anonymous_10)","decl":{"start":{"line":168,"column":0},"end":{"line":168,"column":null}},"loc":{"start":{"line":168,"column":0},"end":{"line":174,"column":null}}}},"branchMap":{"0":{"loc":{"start":{"line":132,"column":0},"end":{"line":132,"column":null}},"type":"binary-expr","locations":[{"start":{"line":132,"column":0},"end":{"line":132,"column":null}},{"start":{"line":132,"column":0},"end":{"line":132,"column":null}}]},"1":{"loc":{"start":{"line":137,"column":0},"end":{"line":137,"column":null}},"type":"binary-expr","locations":[{"start":{"line":137,"column":0},"end":{"line":137,"column":null}},{"start":{"line":137,"column":0},"end":{"line":137,"column":null}}]},"2":{"loc":{"start":{"line":144,"column":0},"end":{"line":144,"column":null}},"type":"binary-expr","locations":[{"start":{"line":144,"column":0},"end":{"line":144,"column":null}},{"start":{"line":144,"column":0},"end":{"line":144,"column":null}},{"start":{"line":144,"column":0},"end":{"line":144,"column":null}}]},"3":{"loc":{"start":{"line":163,"column":0},"end":{"line":166,"column":null}},"type":"if","locations":[{"start":{"line":163,"column":0},"end":{"line":166,"column":null}}]}},"s":{"0":1,"1":1,"2":1,"3":1,"4":1,"5":1,"6":1,"7":2,"8":1,"9":6,"10":1,"11":3,"12":1,"13":1,"14":2,"15":1,"16":1,"17":1,"18":1,"19":1,"20":1,"21":1},"f":{"0":2,"1":1,"2":6,"3":1,"4":3,"5":1,"6":1,"7":2,"8":1},"b":{"0":[2,1],"1":[6,1],"2":[3,3,1],"3":[1]}}
,"/Users/karl/Workspace/nine-chronicles-wallet/popup/src/views/ForgotPassword.vue": {"path":"/Users/karl/Workspace/nine-chronicles-wallet/popup/src/views/ForgotPassword.vue","statementMap":{"0":{"start":{"line":20,"column":0},"end":{"line":20,"column":null}},"1":{"start":{"line":22,"column":0},"end":{"line":22,"column":null}},"2":{"start":{"line":30,"column":0},"end":{"line":30,"column":null}}},"fnMap":{"0":{"name":"(anonymous_1)","decl":{"start":{"line":29,"column":0},"end":{"line":29,"column":null}},"loc":{"start":{"line":29,"column":0},"end":{"line":32,"column":null}}},"1":{"name":"(anonymous_2)","decl":{"start":{"line":35,"column":0},"end":{"line":35,"column":null}},"loc":{"start":{"line":35,"column":0},"end":{"line":35,"column":null}}},"2":{"name":"(anonymous_3)","decl":{"start":{"line":37,"column":0},"end":{"line":37,"column":null}},"loc":{"start":{"line":37,"column":0},"end":{"line":37,"column":null}}}},"branchMap":{},"s":{"0":1,"1":1,"2":1},"f":{"0":1,"1":1,"2":1},"b":{}}
,"/Users/karl/Workspace/nine-chronicles-wallet/popup/src/views/Initiate.vue": {"path":"/Users/karl/Workspace/nine-chronicles-wallet/popup/src/views/Initiate.vue","statementMap":{"0":{"start":{"line":53,"column":0},"end":{"line":53,"column":null}},"1":{"start":{"line":54,"column":0},"end":{"line":54,"column":null}},"2":{"start":{"line":55,"column":0},"end":{"line":55,"column":null}},"3":{"start":{"line":56,"column":0},"end":{"line":56,"column":null}},"4":{"start":{"line":57,"column":0},"end":{"line":57,"column":null}},"5":{"start":{"line":59,"column":0},"end":{"line":59,"column":null}},"6":{"start":{"line":67,"column":0},"end":{"line":67,"column":null}},"7":{"start":{"line":76,"column":0},"end":{"line":76,"column":null}},"8":{"start":{"line":79,"column":0},"end":{"line":81,"column":null}},"9":{"start":{"line":80,"column":0},"end":{"line":80,"column":null}},"10":{"start":{"line":84,"column":0},"end":{"line":84,"column":null}},"11":{"start":{"line":87,"column":0},"end":{"line":87,"column":null}},"12":{"start":{"line":90,"column":0},"end":{"line":90,"column":null}},"13":{"start":{"line":96,"column":0},"end":{"line":96,"column":null}},"14":{"start":{"line":100,"column":0},"end":{"line":106,"column":null}},"15":{"start":{"line":101,"column":0},"end":{"line":101,"column":null}},"16":{"start":{"line":102,"column":0},"end":{"line":102,"column":null}}},"fnMap":{"0":{"name":"(anonymous_1)","decl":{"start":{"line":66,"column":0},"end":{"line":66,"column":null}},"loc":{"start":{"line":66,"column":0},"end":{"line":73,"column":null}}},"1":{"name":"(anonymous_2)","decl":{"start":{"line":75,"column":0},"end":{"line":75,"column":null}},"loc":{"start":{"line":75,"column":0},"end":{"line":77,"column":null}}},"2":{"name":"(anonymous_3)","decl":{"start":{"line":78,"column":0},"end":{"line":78,"column":null}},"loc":{"start":{"line":78,"column":0},"end":{"line":82,"column":null}}},"3":{"name":"(anonymous_4)","decl":{"start":{"line":79,"column":0},"end":{"line":79,"column":null}},"loc":{"start":{"line":79,"column":0},"end":{"line":81,"column":null}}},"4":{"name":"(anonymous_5)","decl":{"start":{"line":83,"column":0},"end":{"line":83,"column":null}},"loc":{"start":{"line":83,"column":0},"end":{"line":85,"column":null}}},"5":{"name":"(anonymous_6)","decl":{"start":{"line":84,"column":0},"end":{"line":84,"column":null}},"loc":{"start":{"line":84,"column":0},"end":{"line":84,"column":null}}},"6":{"name":"(anonymous_7)","decl":{"start":{"line":86,"column":0},"end":{"line":86,"column":null}},"loc":{"start":{"line":86,"column":0},"end":{"line":88,"column":null}}},"7":{"name":"(anonymous_8)","decl":{"start":{"line":89,"column":0},"end":{"line":89,"column":null}},"loc":{"start":{"line":89,"column":0},"end":{"line":91,"column":null}}},"8":{"name":"(anonymous_9)","decl":{"start":{"line":93,"column":0},"end":{"line":93,"column":null}},"loc":{"start":{"line":93,"column":0},"end":{"line":93,"column":null}}},"9":{"name":"(anonymous_10)","decl":{"start":{"line":95,"column":0},"end":{"line":95,"column":null}},"loc":{"start":{"line":95,"column":0},"end":{"line":97,"column":null}}},"10":{"name":"(anonymous_11)","decl":{"start":{"line":99,"column":0},"end":{"line":99,"column":null}},"loc":{"start":{"line":99,"column":0},"end":{"line":107,"column":null}}},"11":{"name":"(anonymous_12)","decl":{"start":{"line":102,"column":0},"end":{"line":102,"column":null}},"loc":{"start":{"line":102,"column":0},"end":{"line":102,"column":null}}}},"branchMap":{"0":{"loc":{"start":{"line":80,"column":0},"end":{"line":80,"column":null}},"type":"binary-expr","locations":[{"start":{"line":80,"column":0},"end":{"line":80,"column":null}},{"start":{"line":80,"column":0},"end":{"line":80,"column":null}}]},"1":{"loc":{"start":{"line":84,"column":0},"end":{"line":84,"column":null}},"type":"binary-expr","locations":[{"start":{"line":84,"column":0},"end":{"line":84,"column":null}},{"start":{"line":84,"column":0},"end":{"line":84,"column":null}}]},"2":{"loc":{"start":{"line":90,"column":0},"end":{"line":90,"column":null}},"type":"binary-expr","locations":[{"start":{"line":90,"column":0},"end":{"line":90,"column":null}},{"start":{"line":90,"column":0},"end":{"line":90,"column":null}}]},"3":{"loc":{"start":{"line":100,"column":0},"end":{"line":106,"column":null}},"type":"if","locations":[{"start":{"line":100,"column":0},"end":{"line":106,"column":null}}]},"4":{"loc":{"start":{"line":100,"column":0},"end":{"line":100,"column":null}},"type":"binary-expr","locations":[{"start":{"line":100,"column":0},"end":{"line":100,"column":null}},{"start":{"line":100,"column":0},"end":{"line":100,"column":null}}]}},"s":{"0":1,"1":1,"2":1,"3":1,"4":1,"5":1,"6":1,"7":1,"8":1,"9":1,"10":29,"11":2,"12":10,"13":1,"14":0,"15":0,"16":0},"f":{"0":1,"1":1,"2":1,"3":1,"4":10,"5":19,"6":2,"7":10,"8":1,"9":1,"10":0,"11":0},"b":{"0":[1,0],"1":[19,11],"2":[10,2],"3":[0],"4":[0,0]}}
,"/Users/karl/Workspace/nine-chronicles-wallet/popup/src/views/InitiateMnemonic.vue": {"path":"/Users/karl/Workspace/nine-chronicles-wallet/popup/src/views/InitiateMnemonic.vue","statementMap":{"0":{"start":{"line":69,"column":0},"end":{"line":69,"column":null}},"1":{"start":{"line":70,"column":0},"end":{"line":70,"column":null}},"2":{"start":{"line":72,"column":0},"end":{"line":72,"column":null}},"3":{"start":{"line":80,"column":0},"end":{"line":80,"column":null}},"4":{"start":{"line":92,"column":0},"end":{"line":92,"column":null}},"5":{"start":{"line":96,"column":0},"end":{"line":96,"column":null}},"6":{"start":{"line":100,"column":0},"end":{"line":102,"column":null}},"7":{"start":{"line":101,"column":0},"end":{"line":101,"column":null}},"8":{"start":{"line":103,"column":0},"end":{"line":103,"column":null}},"9":{"start":{"line":104,"column":0},"end":{"line":110,"column":null}},"10":{"start":{"line":105,"column":0},"end":{"line":105,"column":null}},"11":{"start":{"line":106,"column":0},"end":{"line":106,"column":null}},"12":{"start":{"line":107,"column":0},"end":{"line":107,"column":null}},"13":{"start":{"line":109,"column":0},"end":{"line":109,"column":null}},"14":{"start":{"line":113,"column":0},"end":{"line":125,"column":null}},"15":{"start":{"line":114,"column":0},"end":{"line":114,"column":null}},"16":{"start":{"line":115,"column":0},"end":{"line":115,"column":null}},"17":{"start":{"line":121,"column":0},"end":{"line":121,"column":null}},"18":{"start":{"line":122,"column":0},"end":{"line":122,"column":null}},"19":{"start":{"line":124,"column":0},"end":{"line":124,"column":null}},"20":{"start":{"line":129,"column":0},"end":{"line":129,"column":null}},"21":{"start":{"line":130,"column":0},"end":{"line":142,"column":null}},"22":{"start":{"line":131,"column":0},"end":{"line":131,"column":null}},"23":{"start":{"line":132,"column":0},"end":{"line":132,"column":null}},"24":{"start":{"line":134,"column":0},"end":{"line":134,"column":null}},"25":{"start":{"line":139,"column":0},"end":{"line":139,"column":null}},"26":{"start":{"line":141,"column":0},"end":{"line":141,"column":null}}},"fnMap":{"0":{"name":"(anonymous_1)","decl":{"start":{"line":79,"column":0},"end":{"line":79,"column":null}},"loc":{"start":{"line":79,"column":0},"end":{"line":89,"column":null}}},"1":{"name":"(anonymous_2)","decl":{"start":{"line":91,"column":0},"end":{"line":91,"column":null}},"loc":{"start":{"line":91,"column":0},"end":{"line":93,"column":null}}},"2":{"name":"(anonymous_3)","decl":{"start":{"line":92,"column":0},"end":{"line":92,"column":null}},"loc":{"start":{"line":92,"column":0},"end":{"line":92,"column":null}}},"3":{"name":"(anonymous_4)","decl":{"start":{"line":95,"column":0},"end":{"line":95,"column":null}},"loc":{"start":{"line":95,"column":0},"end":{"line":97,"column":null}}},"4":{"name":"(anonymous_5)","decl":{"start":{"line":99,"column":0},"end":{"line":99,"column":null}},"loc":{"start":{"line":99,"column":0},"end":{"line":111,"column":null}}},"5":{"name":"(anonymous_6)","decl":{"start":{"line":112,"column":0},"end":{"line":112,"column":null}},"loc":{"start":{"line":112,"column":0},"end":{"line":127,"column":null}}},"6":{"name":"(anonymous_7)","decl":{"start":{"line":115,"column":0},"end":{"line":115,"column":null}},"loc":{"start":{"line":115,"column":0},"end":{"line":115,"column":null}}},"7":{"name":"(anonymous_9)","decl":{"start":{"line":128,"column":0},"end":{"line":128,"column":null}},"loc":{"start":{"line":128,"column":0},"end":{"line":143,"column":null}}}},"branchMap":{"0":{"loc":{"start":{"line":100,"column":0},"end":{"line":102,"column":null}},"type":"if","locations":[{"start":{"line":100,"column":0},"end":{"line":102,"column":null}}]},"1":{"loc":{"start":{"line":100,"column":0},"end":{"line":100,"column":null}},"type":"binary-expr","locations":[{"start":{"line":100,"column":0},"end":{"line":100,"column":null}},{"start":{"line":100,"column":0},"end":{"line":100,"column":null}}]},"2":{"loc":{"start":{"line":104,"column":0},"end":{"line":110,"column":null}},"type":"if","locations":[{"start":{"line":104,"column":0},"end":{"line":110,"column":null}},{"start":{"line":108,"column":0},"end":{"line":110,"column":null}}]},"3":{"loc":{"start":{"line":130,"column":0},"end":{"line":142,"column":null}},"type":"if","locations":[{"start":{"line":130,"column":0},"end":{"line":142,"column":null}},{"start":{"line":140,"column":0},"end":{"line":142,"column":null}}]},"4":{"loc":{"start":{"line":130,"column":0},"end":{"line":130,"column":null}},"type":"binary-expr","locations":[{"start":{"line":130,"column":0},"end":{"line":130,"column":null}},{"start":{"line":130,"column":0},"end":{"line":130,"column":null}}]}},"s":{"0":1,"1":1,"2":1,"3":2,"4":4,"5":2,"6":2,"7":1,"8":2,"9":2,"10":1,"11":1,"12":1,"13":1,"14":1,"15":1,"16":25,"17":1,"18":1,"19":0,"20":1,"21":1,"22":1,"23":1,"24":1,"25":1,"26":0},"f":{"0":2,"1":2,"2":2,"3":2,"4":2,"5":1,"6":24,"7":1},"b":{"0":[1],"1":[2,1],"2":[1,1],"3":[1,0],"4":[1,1]}}
,"/Users/karl/Workspace/nine-chronicles-wallet/popup/src/views/Login.vue": {"path":"/Users/karl/Workspace/nine-chronicles-wallet/popup/src/views/Login.vue","statementMap":{"0":{"start":{"line":39,"column":0},"end":{"line":39,"column":null}},"1":{"start":{"line":40,"column":0},"end":{"line":40,"column":null}},"2":{"start":{"line":42,"column":0},"end":{"line":42,"column":null}},"3":{"start":{"line":50,"column":0},"end":{"line":50,"column":null}},"4":{"start":{"line":61,"column":0},"end":{"line":61,"column":null}},"5":{"start":{"line":65,"column":0},"end":{"line":65,"column":null}},"6":{"start":{"line":66,"column":0},"end":{"line":81,"column":null}},"7":{"start":{"line":67,"column":0},"end":{"line":78,"column":null}},"8":{"start":{"line":68,"column":0},"end":{"line":68,"column":null}},"9":{"start":{"line":69,"column":0},"end":{"line":75,"column":null}},"10":{"start":{"line":70,"column":0},"end":{"line":70,"column":null}},"11":{"start":{"line":71,"column":0},"end":{"line":71,"column":null}},"12":{"start":{"line":72,"column":0},"end":{"line":72,"column":null}},"13":{"start":{"line":74,"column":0},"end":{"line":74,"column":null}},"14":{"start":{"line":77,"column":0},"end":{"line":77,"column":null}},"15":{"start":{"line":80,"column":0},"end":{"line":80,"column":null}}},"fnMap":{"0":{"name":"(anonymous_1)","decl":{"start":{"line":49,"column":0},"end":{"line":49,"column":null}},"loc":{"start":{"line":49,"column":0},"end":{"line":55,"column":null}}},"1":{"name":"(anonymous_2)","decl":{"start":{"line":58,"column":0},"end":{"line":58,"column":null}},"loc":{"start":{"line":58,"column":0},"end":{"line":58,"column":null}}},"2":{"name":"(anonymous_3)","decl":{"start":{"line":60,"column":0},"end":{"line":60,"column":null}},"loc":{"start":{"line":60,"column":0},"end":{"line":62,"column":null}}},"3":{"name":"(anonymous_4)","decl":{"start":{"line":64,"column":0},"end":{"line":64,"column":null}},"loc":{"start":{"line":64,"column":0},"end":{"line":82,"column":null}}},"4":{"name":"(anonymous_5)","decl":{"start":{"line":72,"column":0},"end":{"line":72,"column":null}},"loc":{"start":{"line":72,"column":0},"end":{"line":72,"column":null}}}},"branchMap":{"0":{"loc":{"start":{"line":67,"column":0},"end":{"line":78,"column":null}},"type":"if","locations":[{"start":{"line":67,"column":0},"end":{"line":78,"column":null}},{"start":{"line":76,"column":0},"end":{"line":78,"column":null}}]},"1":{"loc":{"start":{"line":69,"column":0},"end":{"line":75,"column":null}},"type":"if","locations":[{"start":{"line":69,"column":0},"end":{"line":75,"column":null}},{"start":{"line":73,"column":0},"end":{"line":75,"column":null}}]}},"s":{"0":1,"1":1,"2":1,"3":1,"4":1,"5":2,"6":2,"7":2,"8":1,"9":1,"10":1,"11":1,"12":1,"13":0,"14":1,"15":1},"f":{"0":1,"1":1,"2":1,"3":2,"4":0},"b":{"0":[1,1],"1":[1,0]}}
,"/Users/karl/Workspace/nine-chronicles-wallet/popup/src/views/Send.vue": {"path":"/Users/karl/Workspace/nine-chronicles-wallet/popup/src/views/Send.vue","statementMap":{"0":{"start":{"line":113,"column":0},"end":{"line":113,"column":null}},"1":{"start":{"line":114,"column":0},"end":{"line":114,"column":null}},"2":{"start":{"line":115,"column":0},"end":{"line":115,"column":null}},"3":{"start":{"line":116,"column":0},"end":{"line":116,"column":null}},"4":{"start":{"line":117,"column":0},"end":{"line":117,"column":null}},"5":{"start":{"line":118,"column":0},"end":{"line":118,"column":null}},"6":{"start":{"line":119,"column":0},"end":{"line":119,"column":null}},"7":{"start":{"line":120,"column":0},"end":{"line":120,"column":null}},"8":{"start":{"line":133,"column":0},"end":{"line":133,"column":null}},"9":{"start":{"line":136,"column":0},"end":{"line":136,"column":null}},"10":{"start":{"line":139,"column":0},"end":{"line":139,"column":null}},"11":{"start":{"line":142,"column":0},"end":{"line":142,"column":null}},"12":{"start":{"line":147,"column":0},"end":{"line":147,"column":null}},"13":{"start":{"line":157,"column":0},"end":{"line":157,"column":null}},"14":{"start":{"line":161,"column":0},"end":{"line":164,"column":null}},"15":{"start":{"line":162,"column":0},"end":{"line":162,"column":null}},"16":{"start":{"line":163,"column":0},"end":{"line":163,"column":null}},"17":{"start":{"line":167,"column":0},"end":{"line":167,"column":null}},"18":{"start":{"line":168,"column":0},"end":{"line":168,"column":null}},"19":{"start":{"line":169,"column":0},"end":{"line":169,"column":null}},"20":{"start":{"line":170,"column":0},"end":{"line":170,"column":null}},"21":{"start":{"line":171,"column":0},"end":{"line":171,"column":null}}},"fnMap":{"0":{"name":"(anonymous_1)","decl":{"start":{"line":132,"column":0},"end":{"line":132,"column":null}},"loc":{"start":{"line":132,"column":0},"end":{"line":134,"column":null}}},"1":{"name":"(anonymous_2)","decl":{"start":{"line":135,"column":0},"end":{"line":135,"column":null}},"loc":{"start":{"line":135,"column":0},"end":{"line":137,"column":null}}},"2":{"name":"(anonymous_3)","decl":{"start":{"line":136,"column":0},"end":{"line":136,"column":null}},"loc":{"start":{"line":136,"column":0},"end":{"line":136,"column":null}}},"3":{"name":"(anonymous_4)","decl":{"start":{"line":138,"column":0},"end":{"line":138,"column":null}},"loc":{"start":{"line":138,"column":0},"end":{"line":140,"column":null}}},"4":{"name":"(anonymous_5)","decl":{"start":{"line":141,"column":0},"end":{"line":141,"column":null}},"loc":{"start":{"line":141,"column":0},"end":{"line":143,"column":null}}},"5":{"name":"(anonymous_6)","decl":{"start":{"line":146,"column":0},"end":{"line":146,"column":null}},"loc":{"start":{"line":146,"column":0},"end":{"line":155,"column":null}}},"6":{"name":"(anonymous_7)","decl":{"start":{"line":156,"column":0},"end":{"line":156,"column":null}},"loc":{"start":{"line":156,"column":0},"end":{"line":158,"column":null}}},"7":{"name":"(anonymous_8)","decl":{"start":{"line":160,"column":0},"end":{"line":160,"column":null}},"loc":{"start":{"line":160,"column":0},"end":{"line":165,"column":null}}},"8":{"name":"(anonymous_9)","decl":{"start":{"line":166,"column":0},"end":{"line":166,"column":null}},"loc":{"start":{"line":166,"column":0},"end":{"line":172,"column":null}}}},"branchMap":{"0":{"loc":{"start":{"line":133,"column":0},"end":{"line":133,"column":null}},"type":"binary-expr","locations":[{"start":{"line":133,"column":0},"end":{"line":133,"column":null}},{"start":{"line":133,"column":0},"end":{"line":133,"column":null}}]},"1":{"loc":{"start":{"line":136,"column":0},"end":{"line":136,"column":null}},"type":"binary-expr","locations":[{"start":{"line":136,"column":0},"end":{"line":136,"column":null}},{"start":{"line":136,"column":0},"end":{"line":136,"column":null}}]},"2":{"loc":{"start":{"line":142,"column":0},"end":{"line":142,"column":null}},"type":"binary-expr","locations":[{"start":{"line":142,"column":0},"end":{"line":142,"column":null}},{"start":{"line":142,"column":0},"end":{"line":142,"column":null}},{"start":{"line":142,"column":0},"end":{"line":142,"column":null}}]},"3":{"loc":{"start":{"line":161,"column":0},"end":{"line":164,"column":null}},"type":"if","locations":[{"start":{"line":161,"column":0},"end":{"line":164,"column":null}}]}},"s":{"0":1,"1":1,"2":1,"3":1,"4":1,"5":1,"6":1,"7":1,"8":2,"9":4,"10":1,"11":3,"12":1,"13":1,"14":2,"15":1,"16":1,"17":1,"18":1,"19":1,"20":1,"21":1},"f":{"0":2,"1":1,"2":3,"3":1,"4":3,"5":1,"6":1,"7":2,"8":1},"b":{"0":[2,1],"1":[3,1],"2":[3,3,1],"3":[1]}}
}
