TN:
SF:src/views/BridgeWNCG.vue
FN:131,(anonymous_1)
FN:134,(anonymous_2)
FN:137,(anonymous_3)
FN:140,(anonymous_5)
FN:143,(anonymous_6)
FN:148,(anonymous_7)
FN:158,(anonymous_8)
FN:162,(anonymous_9)
FN:168,(anonymous_10)
FNF:9
FNH:9
FNDA:2,(anonymous_1)
FNDA:1,(anonymous_2)
FNDA:6,(anonymous_3)
FNDA:1,(anonymous_5)
FNDA:3,(anonymous_6)
FNDA:1,(anonymous_7)
FNDA:1,(anonymous_8)
FNDA:2,(anonymous_9)
FNDA:1,(anonymous_10)
DA:113,1
DA:114,1
DA:115,1
DA:116,1
DA:117,1
DA:118,1
DA:119,1
DA:132,2
DA:135,1
DA:137,6
DA:141,1
DA:144,3
DA:149,1
DA:159,1
DA:163,2
DA:164,1
DA:165,1
DA:169,1
DA:170,1
DA:171,1
DA:172,1
DA:173,1
LF:22
LH:22
BRDA:132,0,0,2
BRDA:132,0,1,1
BRDA:137,1,0,6
BRDA:137,1,1,1
BRDA:144,2,0,3
BRDA:144,2,1,3
BRDA:144,2,2,1
BRDA:163,3,0,1
BRF:8
BRH:8
end_of_record
TN:
SF:src/views/ForgotPassword.vue
FN:29,(anonymous_1)
FN:35,(anonymous_2)
FN:37,(anonymous_3)
FNF:3
FNH:3
FNDA:1,(anonymous_1)
FNDA:1,(anonymous_2)
FNDA:1,(anonymous_3)
DA:20,1
DA:22,1
DA:30,1
LF:3
LH:3
BRF:0
BRH:0
end_of_record
TN:
SF:src/views/Initiate.vue
FN:66,(anonymous_1)
FN:75,(anonymous_2)
FN:78,(anonymous_3)
FN:79,(anonymous_4)
FN:83,(anonymous_5)
FN:84,(anonymous_6)
FN:86,(anonymous_7)
FN:89,(anonymous_8)
FN:93,(anonymous_9)
FN:95,(anonymous_10)
FN:99,(anonymous_11)
FN:102,(anonymous_12)
FNF:12
FNH:10
FNDA:1,(anonymous_1)
FNDA:1,(anonymous_2)
FNDA:1,(anonymous_3)
FNDA:1,(anonymous_4)
FNDA:10,(anonymous_5)
FNDA:19,(anonymous_6)
FNDA:2,(anonymous_7)
FNDA:10,(anonymous_8)
FNDA:1,(anonymous_9)
FNDA:1,(anonymous_10)
FNDA:0,(anonymous_11)
FNDA:0,(anonymous_12)
DA:53,1
DA:54,1
DA:55,1
DA:56,1
DA:57,1
DA:59,1
DA:67,1
DA:76,1
DA:79,1
DA:80,1
DA:84,29
DA:87,2
DA:90,10
DA:96,1
DA:100,0
DA:101,0
DA:102,0
LF:17
LH:14
BRDA:80,0,0,1
BRDA:80,0,1,0
BRDA:84,1,0,19
BRDA:84,1,1,11
BRDA:90,2,0,10
BRDA:90,2,1,2
BRDA:100,3,0,0
BRDA:100,4,0,0
BRDA:100,4,1,0
BRF:9
BRH:5
end_of_record
TN:
SF:src/views/InitiateMnemonic.vue
FN:79,(anonymous_1)
FN:91,(anonymous_2)
FN:92,(anonymous_3)
FN:95,(anonymous_4)
FN:99,(anonymous_5)
FN:112,(anonymous_6)
FN:115,(anonymous_7)
FN:128,(anonymous_9)
FNF:8
FNH:8
FNDA:2,(anonymous_1)
FNDA:2,(anonymous_2)
FNDA:2,(anonymous_3)
FNDA:2,(anonymous_4)
FNDA:2,(anonymous_5)
FNDA:1,(anonymous_6)
FNDA:24,(anonymous_7)
FNDA:1,(anonymous_9)
DA:69,1
DA:70,1
DA:72,1
DA:80,2
DA:92,4
DA:96,2
DA:100,2
DA:101,1
DA:103,2
DA:104,2
DA:105,1
DA:106,1
DA:107,1
DA:109,1
DA:113,1
DA:114,1
DA:115,25
DA:121,1
DA:122,1
DA:124,0
DA:129,1
DA:130,1
DA:131,1
DA:132,1
DA:134,1
DA:139,1
DA:141,0
LF:27
LH:25
BRDA:100,0,0,1
BRDA:100,1,0,2
BRDA:100,1,1,1
BRDA:104,2,0,1
BRDA:104,2,1,1
BRDA:130,3,0,1
BRDA:130,3,1,0
BRDA:130,4,0,1
BRDA:130,4,1,1
BRF:9
BRH:8
end_of_record
TN:
SF:src/views/Login.vue
FN:49,(anonymous_1)
FN:58,(anonymous_2)
FN:60,(anonymous_3)
FN:64,(anonymous_4)
FN:72,(anonymous_5)
FNF:5
FNH:4
FNDA:1,(anonymous_1)
FNDA:1,(anonymous_2)
FNDA:1,(anonymous_3)
FNDA:2,(anonymous_4)
FNDA:0,(anonymous_5)
DA:39,1
DA:40,1
DA:42,1
DA:50,1
DA:61,1
DA:65,2
DA:66,2
DA:67,2
DA:68,1
DA:69,1
DA:70,1
DA:71,1
DA:72,1
DA:74,0
DA:77,1
DA:80,1
LF:16
LH:15
BRDA:67,0,0,1
BRDA:67,0,1,1
BRDA:69,1,0,1
BRDA:69,1,1,0
BRF:4
BRH:3
end_of_record
TN:
SF:src/views/Send.vue
FN:132,(anonymous_1)
FN:135,(anonymous_2)
FN:136,(anonymous_3)
FN:138,(anonymous_4)
FN:141,(anonymous_5)
FN:146,(anonymous_6)
FN:156,(anonymous_7)
FN:160,(anonymous_8)
FN:166,(anonymous_9)
FNF:9
FNH:9
FNDA:2,(anonymous_1)
FNDA:1,(anonymous_2)
FNDA:3,(anonymous_3)
FNDA:1,(anonymous_4)
FNDA:3,(anonymous_5)
FNDA:1,(anonymous_6)
FNDA:1,(anonymous_7)
FNDA:2,(anonymous_8)
FNDA:1,(anonymous_9)
DA:113,1
DA:114,1
DA:115,1
DA:116,1
DA:117,1
DA:118,1
DA:119,1
DA:120,1
DA:133,2
DA:136,4
DA:139,1
DA:142,3
DA:147,1
DA:157,1
DA:161,2
DA:162,1
DA:163,1
DA:167,1
DA:168,1
DA:169,1
DA:170,1
DA:171,1
LF:22
LH:22
BRDA:133,0,0,2
BRDA:133,0,1,1
BRDA:136,1,0,3
BRDA:136,1,1,1
BRDA:142,2,0,3
BRDA:142,2,1,3
BRDA:142,2,2,1
BRDA:161,3,0,1
BRF:8
BRH:8
end_of_record
