{"/Users/karl/Workspace/nine-chronicles-wallet/background/src/api/graphql.js": {"path":"/Users/karl/Workspace/nine-chronicles-wallet/background/src/api/graphql.js","statementMap":{"0":{"start":{"line":3,"column":26},"end":{"line":7,"column":1}},"1":{"start":{"line":10,"column":8},"end":{"line":10,"column":28}},"2":{"start":{"line":11,"column":8},"end":{"line":11,"column":122}},"3":{"start":{"line":14,"column":8},"end":{"line":14,"column":48}},"4":{"start":{"line":18,"column":24},"end":{"line":18,"column":28}},"5":{"start":{"line":19,"column":8},"end":{"line":29,"column":9}},"6":{"start":{"line":20,"column":12},"end":{"line":20,"column":41}},"7":{"start":{"line":22,"column":12},"end":{"line":24,"column":13}},"8":{"start":{"line":23,"column":16},"end":{"line":23,"column":47}},"9":{"start":{"line":26,"column":12},"end":{"line":26,"column":49}},"10":{"start":{"line":28,"column":12},"end":{"line":28,"column":46}},"11":{"start":{"line":34,"column":23},"end":{"line":34,"column":25}},"12":{"start":{"line":35,"column":21},"end":{"line":35,"column":22}},"13":{"start":{"line":36,"column":8},"end":{"line":43,"column":9}},"14":{"start":{"line":37,"column":12},"end":{"line":42,"column":13}},"15":{"start":{"line":38,"column":30},"end":{"line":38,"column":68}},"16":{"start":{"line":39,"column":16},"end":{"line":39,"column":50}},"17":{"start":{"line":40,"column":16},"end":{"line":40,"column":44}},"18":{"start":{"line":44,"column":18},"end":{"line":44,"column":20}},"19":{"start":{"line":45,"column":8},"end":{"line":49,"column":9}},"20":{"start":{"line":46,"column":12},"end":{"line":48,"column":13}},"21":{"start":{"line":47,"column":16},"end":{"line":47,"column":34}},"22":{"start":{"line":51,"column":8},"end":{"line":51,"column":69}},"23":{"start":{"line":51,"column":48},"end":{"line":51,"column":68}},"24":{"start":{"line":55,"column":25},"end":{"line":55,"column":27}},"25":{"start":{"line":56,"column":8},"end":{"line":63,"column":9}},"26":{"start":{"line":57,"column":12},"end":{"line":62,"column":13}},"27":{"start":{"line":58,"column":29},"end":{"line":58,"column":47}},"28":{"start":{"line":59,"column":16},"end":{"line":59,"column":29}},"29":{"start":{"line":61,"column":16},"end":{"line":61,"column":34}},"30":{"start":{"line":65,"column":8},"end":{"line":67,"column":9}},"31":{"start":{"line":66,"column":12},"end":{"line":66,"column":48}},"32":{"start":{"line":71,"column":21},"end":{"line":88,"column":10}},"33":{"start":{"line":89,"column":8},"end":{"line":89,"column":77}},"34":{"start":{"line":93,"column":8},"end":{"line":108,"column":10}},"35":{"start":{"line":94,"column":25},"end":{"line":105,"column":14}},"36":{"start":{"line":107,"column":12},"end":{"line":107,"column":46}},"37":{"start":{"line":112,"column":8},"end":{"line":128,"column":10}},"38":{"start":{"line":113,"column":25},"end":{"line":126,"column":14}},"39":{"start":{"line":127,"column":12},"end":{"line":127,"column":31}},"40":{"start":{"line":132,"column":8},"end":{"line":148,"column":10}},"41":{"start":{"line":133,"column":25},"end":{"line":146,"column":14}},"42":{"start":{"line":147,"column":12},"end":{"line":147,"column":31}},"43":{"start":{"line":152,"column":8},"end":{"line":166,"column":10}},"44":{"start":{"line":153,"column":25},"end":{"line":164,"column":14}},"45":{"start":{"line":165,"column":12},"end":{"line":165,"column":49}},"46":{"start":{"line":170,"column":8},"end":{"line":186,"column":10}},"47":{"start":{"line":171,"column":25},"end":{"line":184,"column":14}},"48":{"start":{"line":185,"column":12},"end":{"line":185,"column":71}},"49":{"start":{"line":190,"column":21},"end":{"line":205,"column":10}},"50":{"start":{"line":206,"column":8},"end":{"line":206,"column":75}}},"fnMap":{"0":{"name":"(anonymous_0)","decl":{"start":{"line":9,"column":4},"end":{"line":9,"column":5}},"loc":{"start":{"line":9,"column":18},"end":{"line":12,"column":5}},"line":9},"1":{"name":"(anonymous_1)","decl":{"start":{"line":13,"column":4},"end":{"line":13,"column":5}},"loc":{"start":{"line":13,"column":28},"end":{"line":15,"column":5}},"line":13},"2":{"name":"(anonymous_2)","decl":{"start":{"line":17,"column":4},"end":{"line":17,"column":5}},"loc":{"start":{"line":17,"column":45},"end":{"line":30,"column":5}},"line":17},"3":{"name":"(anonymous_3)","decl":{"start":{"line":33,"column":4},"end":{"line":33,"column":5}},"loc":{"start":{"line":33,"column":37},"end":{"line":52,"column":5}},"line":33},"4":{"name":"(anonymous_4)","decl":{"start":{"line":51,"column":42},"end":{"line":51,"column":43}},"loc":{"start":{"line":51,"column":48},"end":{"line":51,"column":68}},"line":51},"5":{"name":"(anonymous_5)","decl":{"start":{"line":54,"column":4},"end":{"line":54,"column":5}},"loc":{"start":{"line":54,"column":27},"end":{"line":68,"column":5}},"line":54},"6":{"name":"(anonymous_6)","decl":{"start":{"line":70,"column":4},"end":{"line":70,"column":5}},"loc":{"start":{"line":70,"column":38},"end":{"line":90,"column":5}},"line":70},"7":{"name":"(anonymous_7)","decl":{"start":{"line":92,"column":4},"end":{"line":92,"column":5}},"loc":{"start":{"line":92,"column":30},"end":{"line":109,"column":5}},"line":92},"8":{"name":"(anonymous_8)","decl":{"start":{"line":93,"column":33},"end":{"line":93,"column":34}},"loc":{"start":{"line":93,"column":53},"end":{"line":108,"column":9}},"line":93},"9":{"name":"(anonymous_9)","decl":{"start":{"line":111,"column":4},"end":{"line":111,"column":5}},"loc":{"start":{"line":111,"column":44},"end":{"line":129,"column":5}},"line":111},"10":{"name":"(anonymous_10)","decl":{"start":{"line":112,"column":33},"end":{"line":112,"column":34}},"loc":{"start":{"line":112,"column":53},"end":{"line":128,"column":9}},"line":112},"11":{"name":"(anonymous_11)","decl":{"start":{"line":131,"column":4},"end":{"line":131,"column":5}},"loc":{"start":{"line":131,"column":50},"end":{"line":149,"column":5}},"line":131},"12":{"name":"(anonymous_12)","decl":{"start":{"line":132,"column":33},"end":{"line":132,"column":34}},"loc":{"start":{"line":132,"column":53},"end":{"line":148,"column":9}},"line":132},"13":{"name":"(anonymous_13)","decl":{"start":{"line":151,"column":4},"end":{"line":151,"column":5}},"loc":{"start":{"line":151,"column":27},"end":{"line":167,"column":5}},"line":151},"14":{"name":"(anonymous_14)","decl":{"start":{"line":152,"column":33},"end":{"line":152,"column":34}},"loc":{"start":{"line":152,"column":53},"end":{"line":166,"column":9}},"line":152},"15":{"name":"(anonymous_15)","decl":{"start":{"line":169,"column":4},"end":{"line":169,"column":5}},"loc":{"start":{"line":169,"column":39},"end":{"line":187,"column":5}},"line":169},"16":{"name":"(anonymous_16)","decl":{"start":{"line":170,"column":33},"end":{"line":170,"column":34}},"loc":{"start":{"line":170,"column":53},"end":{"line":186,"column":9}},"line":170},"17":{"name":"(anonymous_17)","decl":{"start":{"line":189,"column":4},"end":{"line":189,"column":5}},"loc":{"start":{"line":189,"column":49},"end":{"line":207,"column":5}},"line":189}},"branchMap":{"0":{"loc":{"start":{"line":17,"column":24},"end":{"line":17,"column":43}},"type":"default-arg","locations":[{"start":{"line":17,"column":34},"end":{"line":17,"column":43}}],"line":17},"1":{"loc":{"start":{"line":19,"column":8},"end":{"line":29,"column":9}},"type":"if","locations":[{"start":{"line":19,"column":8},"end":{"line":29,"column":9}},{"start":{"line":27,"column":15},"end":{"line":29,"column":9}}],"line":19},"2":{"loc":{"start":{"line":22,"column":12},"end":{"line":24,"column":13}},"type":"if","locations":[{"start":{"line":22,"column":12},"end":{"line":24,"column":13}},{"start":{},"end":{}}],"line":22},"3":{"loc":{"start":{"line":46,"column":12},"end":{"line":48,"column":13}},"type":"if","locations":[{"start":{"line":46,"column":12},"end":{"line":48,"column":13}},{"start":{},"end":{}}],"line":46},"4":{"loc":{"start":{"line":65,"column":8},"end":{"line":67,"column":9}},"type":"if","locations":[{"start":{"line":65,"column":8},"end":{"line":67,"column":9}},{"start":{},"end":{}}],"line":65}},"s":{"0":2,"1":2,"2":2,"3":4,"4":5,"5":5,"6":4,"7":4,"8":2,"9":4,"10":1,"11":4,"12":4,"13":4,"14":12,"15":12,"16":5,"17":5,"18":4,"19":4,"20":5,"21":5,"22":4,"23":12,"24":8,"25":8,"26":8,"27":8,"28":8,"29":0,"30":0,"31":0,"32":12,"33":5,"34":1,"35":1,"36":1,"37":2,"38":2,"39":2,"40":2,"41":2,"42":2,"43":2,"44":2,"45":2,"46":1,"47":1,"48":1,"49":0,"50":0},"f":{"0":2,"1":4,"2":5,"3":4,"4":12,"5":8,"6":12,"7":1,"8":1,"9":2,"10":2,"11":2,"12":2,"13":2,"14":2,"15":1,"16":1,"17":0},"b":{"0":[4],"1":[4,1],"2":[2,2],"3":[5,0],"4":[0,0]},"_coverageSchema":"1a1c01bbd47fc00a2c39e90264f33305004495a9","hash":"ca1bb2c490e46e173dedab1ea2926ba02ebf8df1"}
,"/Users/karl/Workspace/nine-chronicles-wallet/background/src/constants/constants.js": {"path":"/Users/karl/Workspace/nine-chronicles-wallet/background/src/constants/constants.js","statementMap":{"0":{"start":{"line":2,"column":32},"end":{"line":2,"column":36}},"1":{"start":{"line":3,"column":31},"end":{"line":3,"column":35}},"2":{"start":{"line":4,"column":24},"end":{"line":4,"column":34}},"3":{"start":{"line":5,"column":19},"end":{"line":5,"column":24}},"4":{"start":{"line":6,"column":26},"end":{"line":6,"column":30}}},"fnMap":{},"branchMap":{},"s":{"0":1,"1":1,"2":1,"3":1,"4":1},"f":{},"b":{},"_coverageSchema":"1a1c01bbd47fc00a2c39e90264f33305004495a9","hash":"111a4ad61fd324649315d834f20eab0f62b02d32"}
,"/Users/karl/Workspace/nine-chronicles-wallet/background/src/storage/storage.js": {"path":"/Users/karl/Workspace/nine-chronicles-wallet/background/src/storage/storage.js","statementMap":{"0":{"start":{"line":4,"column":8},"end":{"line":4,"column":36}},"1":{"start":{"line":5,"column":8},"end":{"line":5,"column":79}},"2":{"start":{"line":8,"column":8},"end":{"line":8,"column":48}},"3":{"start":{"line":12,"column":8},"end":{"line":12,"column":49}},"4":{"start":{"line":15,"column":8},"end":{"line":19,"column":10}},"5":{"start":{"line":16,"column":12},"end":{"line":18,"column":14}},"6":{"start":{"line":17,"column":16},"end":{"line":17,"column":49}},"7":{"start":{"line":31,"column":21},"end":{"line":31,"column":93}},"8":{"start":{"line":32,"column":8},"end":{"line":32,"column":34}},"9":{"start":{"line":35,"column":21},"end":{"line":35,"column":44}},"10":{"start":{"line":36,"column":8},"end":{"line":42,"column":9}},"11":{"start":{"line":37,"column":20},"end":{"line":37,"column":71}},"12":{"start":{"line":38,"column":12},"end":{"line":40,"column":13}},"13":{"start":{"line":39,"column":16},"end":{"line":39,"column":66}},"14":{"start":{"line":41,"column":12},"end":{"line":41,"column":22}},"15":{"start":{"line":44,"column":8},"end":{"line":44,"column":19}},"16":{"start":{"line":47,"column":21},"end":{"line":47,"column":79}},"17":{"start":{"line":48,"column":8},"end":{"line":48,"column":34}},"18":{"start":{"line":51,"column":21},"end":{"line":51,"column":44}},"19":{"start":{"line":52,"column":8},"end":{"line":58,"column":9}},"20":{"start":{"line":53,"column":20},"end":{"line":53,"column":71}},"21":{"start":{"line":54,"column":12},"end":{"line":56,"column":13}},"22":{"start":{"line":55,"column":16},"end":{"line":55,"column":50}},"23":{"start":{"line":57,"column":12},"end":{"line":57,"column":22}},"24":{"start":{"line":60,"column":8},"end":{"line":60,"column":19}},"25":{"start":{"line":63,"column":8},"end":{"line":63,"column":41}},"26":{"start":{"line":66,"column":8},"end":{"line":66,"column":49}},"27":{"start":{"line":69,"column":8},"end":{"line":69,"column":36}}},"fnMap":{"0":{"name":"(anonymous_0)","decl":{"start":{"line":3,"column":4},"end":{"line":3,"column":5}},"loc":{"start":{"line":3,"column":28},"end":{"line":6,"column":5}},"line":3},"1":{"name":"(anonymous_1)","decl":{"start":{"line":7,"column":4},"end":{"line":7,"column":5}},"loc":{"start":{"line":7,"column":28},"end":{"line":9,"column":5}},"line":7},"2":{"name":"(anonymous_2)","decl":{"start":{"line":11,"column":4},"end":{"line":11,"column":5}},"loc":{"start":{"line":11,"column":24},"end":{"line":13,"column":5}},"line":11},"3":{"name":"(anonymous_3)","decl":{"start":{"line":14,"column":4},"end":{"line":14,"column":5}},"loc":{"start":{"line":14,"column":17},"end":{"line":20,"column":5}},"line":14},"4":{"name":"(anonymous_4)","decl":{"start":{"line":15,"column":27},"end":{"line":15,"column":28}},"loc":{"start":{"line":15,"column":38},"end":{"line":19,"column":9}},"line":15},"5":{"name":"(anonymous_5)","decl":{"start":{"line":16,"column":45},"end":{"line":16,"column":46}},"loc":{"start":{"line":16,"column":54},"end":{"line":18,"column":13}},"line":16},"6":{"name":"(anonymous_6)","decl":{"start":{"line":30,"column":4},"end":{"line":30,"column":5}},"loc":{"start":{"line":30,"column":27},"end":{"line":33,"column":5}},"line":30},"7":{"name":"(anonymous_7)","decl":{"start":{"line":34,"column":4},"end":{"line":34,"column":5}},"loc":{"start":{"line":34,"column":26},"end":{"line":45,"column":5}},"line":34},"8":{"name":"(anonymous_8)","decl":{"start":{"line":46,"column":4},"end":{"line":46,"column":5}},"loc":{"start":{"line":46,"column":21},"end":{"line":49,"column":5}},"line":46},"9":{"name":"(anonymous_9)","decl":{"start":{"line":50,"column":4},"end":{"line":50,"column":5}},"loc":{"start":{"line":50,"column":20},"end":{"line":61,"column":5}},"line":50},"10":{"name":"(anonymous_10)","decl":{"start":{"line":62,"column":4},"end":{"line":62,"column":5}},"loc":{"start":{"line":62,"column":17},"end":{"line":64,"column":5}},"line":62},"11":{"name":"(anonymous_11)","decl":{"start":{"line":65,"column":4},"end":{"line":65,"column":5}},"loc":{"start":{"line":65,"column":20},"end":{"line":67,"column":5}},"line":65},"12":{"name":"(anonymous_12)","decl":{"start":{"line":68,"column":4},"end":{"line":68,"column":5}},"loc":{"start":{"line":68,"column":15},"end":{"line":70,"column":5}},"line":68}},"branchMap":{"0":{"loc":{"start":{"line":17,"column":24},"end":{"line":17,"column":48}},"type":"binary-expr","locations":[{"start":{"line":17,"column":24},"end":{"line":17,"column":27}},{"start":{"line":17,"column":31},"end":{"line":17,"column":40}},{"start":{"line":17,"column":44},"end":{"line":17,"column":48}}],"line":17},"1":{"loc":{"start":{"line":36,"column":8},"end":{"line":42,"column":9}},"type":"if","locations":[{"start":{"line":36,"column":8},"end":{"line":42,"column":9}},{"start":{},"end":{}}],"line":36},"2":{"loc":{"start":{"line":38,"column":12},"end":{"line":40,"column":13}},"type":"if","locations":[{"start":{"line":38,"column":12},"end":{"line":40,"column":13}},{"start":{},"end":{}}],"line":38},"3":{"loc":{"start":{"line":52,"column":8},"end":{"line":58,"column":9}},"type":"if","locations":[{"start":{"line":52,"column":8},"end":{"line":58,"column":9}},{"start":{},"end":{}}],"line":52},"4":{"loc":{"start":{"line":54,"column":12},"end":{"line":56,"column":13}},"type":"if","locations":[{"start":{"line":54,"column":12},"end":{"line":56,"column":13}},{"start":{},"end":{}}],"line":54}},"s":{"0":2,"1":2,"2":2,"3":13,"4":35,"5":35,"6":35,"7":5,"8":5,"9":12,"10":12,"11":11,"12":11,"13":1,"14":10,"15":1,"16":8,"17":8,"18":14,"19":14,"20":11,"21":11,"22":4,"23":7,"24":3,"25":1,"26":5,"27":2},"f":{"0":2,"1":2,"2":13,"3":35,"4":35,"5":35,"6":5,"7":12,"8":8,"9":14,"10":1,"11":5,"12":2},"b":{"0":[35,35,7],"1":[11,1],"2":[1,10],"3":[11,3],"4":[4,7]},"_coverageSchema":"1a1c01bbd47fc00a2c39e90264f33305004495a9","hash":"9a55972d1269bf5a6029b1871aae59302760b551"}
,"/Users/karl/Workspace/nine-chronicles-wallet/background/src/utils/aes256.js": {"path":"/Users/karl/Workspace/nine-chronicles-wallet/background/src/utils/aes256.js","statementMap":{"0":{"start":{"line":1,"column":15},"end":{"line":1,"column":32}},"1":{"start":{"line":3,"column":18},"end":{"line":3,"column":20}},"2":{"start":{"line":6,"column":19},"end":{"line":6,"column":48}},"3":{"start":{"line":7,"column":23},"end":{"line":11,"column":9}},"4":{"start":{"line":12,"column":26},"end":{"line":12,"column":45}},"5":{"start":{"line":14,"column":8},"end":{"line":18,"column":9}},"6":{"start":{"line":21,"column":26},"end":{"line":21,"column":41}},"7":{"start":{"line":22,"column":19},"end":{"line":22,"column":56}},"8":{"start":{"line":23,"column":30},"end":{"line":23,"column":69}},"9":{"start":{"line":24,"column":25},"end":{"line":28,"column":9}},"10":{"start":{"line":29,"column":26},"end":{"line":29,"column":56}},"11":{"start":{"line":31,"column":8},"end":{"line":31,"column":70}}},"fnMap":{"0":{"name":"(anonymous_0)","decl":{"start":{"line":5,"column":13},"end":{"line":5,"column":14}},"loc":{"start":{"line":5,"column":35},"end":{"line":19,"column":5}},"line":5},"1":{"name":"(anonymous_1)","decl":{"start":{"line":20,"column":13},"end":{"line":20,"column":14}},"loc":{"start":{"line":20,"column":35},"end":{"line":32,"column":5}},"line":20}},"branchMap":{},"s":{"0":3,"1":3,"2":14,"3":14,"4":14,"5":14,"6":24,"7":24,"8":24,"9":24,"10":24,"11":24},"f":{"0":14,"1":24},"b":{},"_coverageSchema":"1a1c01bbd47fc00a2c39e90264f33305004495a9","hash":"3ff55a0cf2c5aab0d170001cd49aa4ce47f13876"}
,"/Users/karl/Workspace/nine-chronicles-wallet/background/src/wallet/wallet.js": {"path":"/Users/karl/Workspace/nine-chronicles-wallet/background/src/wallet/wallet.js","statementMap":{"0":{"start":{"line":7,"column":13},"end":{"line":7,"column":28}},"1":{"start":{"line":8,"column":15},"end":{"line":8,"column":32}},"2":{"start":{"line":9,"column":17},"end":{"line":9,"column":36}},"3":{"start":{"line":10,"column":17},"end":{"line":10,"column":36}},"4":{"start":{"line":14,"column":8},"end":{"line":14,"column":32}},"5":{"start":{"line":15,"column":8},"end":{"line":15,"column":46}},"6":{"start":{"line":16,"column":8},"end":{"line":16,"column":36}},"7":{"start":{"line":17,"column":8},"end":{"line":17,"column":130}},"8":{"start":{"line":20,"column":8},"end":{"line":20,"column":48}},"9":{"start":{"line":23,"column":8},"end":{"line":23,"column":82}},"10":{"start":{"line":26,"column":8},"end":{"line":26,"column":102}},"11":{"start":{"line":29,"column":27},"end":{"line":29,"column":58}},"12":{"start":{"line":30,"column":8},"end":{"line":30,"column":36}},"13":{"start":{"line":33,"column":27},"end":{"line":33,"column":94}},"14":{"start":{"line":34,"column":8},"end":{"line":34,"column":47}},"15":{"start":{"line":35,"column":8},"end":{"line":35,"column":27}},"16":{"start":{"line":38,"column":34},"end":{"line":38,"column":104}},"17":{"start":{"line":39,"column":21},"end":{"line":39,"column":66}},"18":{"start":{"line":40,"column":22},"end":{"line":40,"column":65}},"19":{"start":{"line":41,"column":8},"end":{"line":41,"column":48}},"20":{"start":{"line":44,"column":22},"end":{"line":44,"column":65}},"21":{"start":{"line":45,"column":8},"end":{"line":45,"column":137}},"22":{"start":{"line":48,"column":41},"end":{"line":48,"column":118}},"23":{"start":{"line":49,"column":21},"end":{"line":49,"column":73}},"24":{"start":{"line":51,"column":23},"end":{"line":51,"column":48}},"25":{"start":{"line":53,"column":24},"end":{"line":53,"column":87}},"26":{"start":{"line":54,"column":30},"end":{"line":54,"column":70}},"27":{"start":{"line":55,"column":22},"end":{"line":55,"column":39}},"28":{"start":{"line":57,"column":8},"end":{"line":57,"column":41}},"29":{"start":{"line":60,"column":21},"end":{"line":60,"column":50}},"30":{"start":{"line":61,"column":30},"end":{"line":61,"column":67}},"31":{"start":{"line":62,"column":22},"end":{"line":62,"column":36}},"32":{"start":{"line":64,"column":8},"end":{"line":64,"column":41}},"33":{"start":{"line":67,"column":8},"end":{"line":69,"column":9}},"34":{"start":{"line":68,"column":12},"end":{"line":68,"column":33}},"35":{"start":{"line":71,"column":36},"end":{"line":71,"column":105}},"36":{"start":{"line":72,"column":21},"end":{"line":72,"column":68}},"37":{"start":{"line":73,"column":27},"end":{"line":88,"column":9}},"38":{"start":{"line":89,"column":58},"end":{"line":89,"column":177}},"39":{"start":{"line":90,"column":27},"end":{"line":90,"column":92}},"40":{"start":{"line":92,"column":8},"end":{"line":108,"column":10}},"41":{"start":{"line":93,"column":12},"end":{"line":107,"column":13}},"42":{"start":{"line":94,"column":16},"end":{"line":104,"column":18}},"43":{"start":{"line":95,"column":20},"end":{"line":103,"column":21}},"44":{"start":{"line":96,"column":35},"end":{"line":96,"column":38}},"45":{"start":{"line":97,"column":43},"end":{"line":97,"column":66}},"46":{"start":{"line":98,"column":69},"end":{"line":98,"column":123}},"47":{"start":{"line":99,"column":66},"end":{"line":99,"column":92}},"48":{"start":{"line":100,"column":24},"end":{"line":100,"column":49}},"49":{"start":{"line":102,"column":24},"end":{"line":102,"column":33}},"50":{"start":{"line":106,"column":16},"end":{"line":106,"column":25}},"51":{"start":{"line":112,"column":31},"end":{"line":112,"column":87}},"52":{"start":{"line":113,"column":21},"end":{"line":125,"column":9}},"53":{"start":{"line":127,"column":8},"end":{"line":127,"column":40}},"54":{"start":{"line":128,"column":8},"end":{"line":128,"column":21}},"55":{"start":{"line":132,"column":31},"end":{"line":132,"column":133}},"56":{"start":{"line":133,"column":21},"end":{"line":146,"column":9}},"57":{"start":{"line":148,"column":8},"end":{"line":148,"column":40}},"58":{"start":{"line":149,"column":8},"end":{"line":149,"column":21}},"59":{"start":{"line":153,"column":18},"end":{"line":153,"column":71}},"60":{"start":{"line":154,"column":8},"end":{"line":156,"column":9}},"61":{"start":{"line":155,"column":12},"end":{"line":155,"column":20}},"62":{"start":{"line":157,"column":8},"end":{"line":157,"column":23}},"63":{"start":{"line":158,"column":8},"end":{"line":158,"column":81}},"64":{"start":{"line":162,"column":30},"end":{"line":162,"column":100}},"65":{"start":{"line":163,"column":21},"end":{"line":163,"column":74}},"66":{"start":{"line":164,"column":8},"end":{"line":164,"column":32}}},"fnMap":{"0":{"name":"(anonymous_0)","decl":{"start":{"line":13,"column":4},"end":{"line":13,"column":5}},"loc":{"start":{"line":13,"column":28},"end":{"line":18,"column":5}},"line":13},"1":{"name":"(anonymous_1)","decl":{"start":{"line":19,"column":4},"end":{"line":19,"column":5}},"loc":{"start":{"line":19,"column":28},"end":{"line":21,"column":5}},"line":19},"2":{"name":"(anonymous_2)","decl":{"start":{"line":22,"column":4},"end":{"line":22,"column":5}},"loc":{"start":{"line":22,"column":21},"end":{"line":24,"column":5}},"line":22},"3":{"name":"(anonymous_3)","decl":{"start":{"line":25,"column":4},"end":{"line":25,"column":5}},"loc":{"start":{"line":25,"column":51},"end":{"line":27,"column":5}},"line":25},"4":{"name":"(anonymous_4)","decl":{"start":{"line":28,"column":4},"end":{"line":28,"column":5}},"loc":{"start":{"line":28,"column":30},"end":{"line":31,"column":5}},"line":28},"5":{"name":"(anonymous_5)","decl":{"start":{"line":32,"column":4},"end":{"line":32,"column":5}},"loc":{"start":{"line":32,"column":22},"end":{"line":36,"column":5}},"line":32},"6":{"name":"(anonymous_6)","decl":{"start":{"line":37,"column":4},"end":{"line":37,"column":5}},"loc":{"start":{"line":37,"column":30},"end":{"line":42,"column":5}},"line":37},"7":{"name":"(anonymous_7)","decl":{"start":{"line":43,"column":4},"end":{"line":43,"column":5}},"loc":{"start":{"line":43,"column":54},"end":{"line":46,"column":5}},"line":43},"8":{"name":"(anonymous_8)","decl":{"start":{"line":47,"column":4},"end":{"line":47,"column":5}},"loc":{"start":{"line":47,"column":56},"end":{"line":58,"column":5}},"line":47},"9":{"name":"(anonymous_9)","decl":{"start":{"line":59,"column":4},"end":{"line":59,"column":5}},"loc":{"start":{"line":59,"column":45},"end":{"line":65,"column":5}},"line":59},"10":{"name":"(anonymous_10)","decl":{"start":{"line":66,"column":4},"end":{"line":66,"column":5}},"loc":{"start":{"line":66,"column":62},"end":{"line":109,"column":5}},"line":66},"11":{"name":"(anonymous_11)","decl":{"start":{"line":92,"column":33},"end":{"line":92,"column":34}},"loc":{"start":{"line":92,"column":54},"end":{"line":108,"column":9}},"line":92},"12":{"name":"(anonymous_12)","decl":{"start":{"line":94,"column":86},"end":{"line":94,"column":87}},"loc":{"start":{"line":94,"column":99},"end":{"line":104,"column":17}},"line":94},"13":{"name":"(anonymous_13)","decl":{"start":{"line":111,"column":4},"end":{"line":111,"column":5}},"loc":{"start":{"line":111,"column":51},"end":{"line":129,"column":5}},"line":111},"14":{"name":"(anonymous_14)","decl":{"start":{"line":131,"column":4},"end":{"line":131,"column":5}},"loc":{"start":{"line":131,"column":54},"end":{"line":150,"column":5}},"line":131},"15":{"name":"(anonymous_15)","decl":{"start":{"line":152,"column":4},"end":{"line":152,"column":5}},"loc":{"start":{"line":152,"column":28},"end":{"line":159,"column":5}},"line":152},"16":{"name":"(anonymous_16)","decl":{"start":{"line":161,"column":4},"end":{"line":161,"column":5}},"loc":{"start":{"line":161,"column":45},"end":{"line":165,"column":5}},"line":161}},"branchMap":{"0":{"loc":{"start":{"line":26,"column":72},"end":{"line":26,"column":101}},"type":"binary-expr","locations":[{"start":{"line":26,"column":72},"end":{"line":26,"column":82}},{"start":{"line":26,"column":86},"end":{"line":26,"column":101}}],"line":26},"1":{"loc":{"start":{"line":67,"column":8},"end":{"line":69,"column":9}},"type":"if","locations":[{"start":{"line":67,"column":8},"end":{"line":69,"column":9}},{"start":{},"end":{}}],"line":67},"2":{"loc":{"start":{"line":84,"column":20},"end":{"line":84,"column":40}},"type":"cond-expr","locations":[{"start":{"line":84,"column":27},"end":{"line":84,"column":35}},{"start":{"line":84,"column":38},"end":{"line":84,"column":40}}],"line":84},"3":{"loc":{"start":{"line":154,"column":8},"end":{"line":156,"column":9}},"type":"if","locations":[{"start":{"line":154,"column":8},"end":{"line":156,"column":9}},{"start":{},"end":{}}],"line":154}},"s":{"0":1,"1":1,"2":1,"3":1,"4":1,"5":1,"6":1,"7":1,"8":1,"9":10,"10":6,"11":3,"12":3,"13":2,"14":2,"15":2,"16":1,"17":1,"18":1,"19":1,"20":1,"21":1,"22":2,"23":2,"24":2,"25":2,"26":2,"27":2,"28":2,"29":1,"30":1,"31":1,"32":1,"33":3,"34":1,"35":2,"36":2,"37":2,"38":2,"39":2,"40":2,"41":2,"42":2,"43":2,"44":2,"45":2,"46":2,"47":2,"48":2,"49":0,"50":0,"51":2,"52":1,"53":1,"54":1,"55":1,"56":1,"57":1,"58":1,"59":2,"60":2,"61":1,"62":2,"63":2,"64":1,"65":1,"66":1},"f":{"0":1,"1":1,"2":10,"3":6,"4":3,"5":2,"6":1,"7":1,"8":2,"9":1,"10":3,"11":2,"12":2,"13":2,"14":1,"15":2,"16":1},"b":{"0":[6,5],"1":[1,2],"2":[1,1],"3":[1,1]},"_coverageSchema":"1a1c01bbd47fc00a2c39e90264f33305004495a9","hash":"2deabd839ffe9030f2eb6e8077fb61a12eae7f08"}
,"/Users/karl/Workspace/nine-chronicles-wallet/background/test/mock.js": {"path":"/Users/karl/Workspace/nine-chronicles-wallet/background/test/mock.js","statementMap":{"0":{"start":{"line":3,"column":20},"end":{"line":3,"column":49}},"1":{"start":{"line":4,"column":18},"end":{"line":4,"column":40}},"2":{"start":{"line":8,"column":21},"end":{"line":12,"column":10}},"3":{"start":{"line":10,"column":16},"end":{"line":10,"column":77}},"4":{"start":{"line":13,"column":8},"end":{"line":17,"column":9}},"5":{"start":{"line":14,"column":12},"end":{"line":14,"column":49}},"6":{"start":{"line":16,"column":12},"end":{"line":16,"column":45}},"7":{"start":{"line":20,"column":8},"end":{"line":24,"column":10}},"8":{"start":{"line":26,"column":8},"end":{"line":29,"column":10}},"9":{"start":{"line":30,"column":8},"end":{"line":33,"column":10}},"10":{"start":{"line":35,"column":8},"end":{"line":38,"column":10}},"11":{"start":{"line":39,"column":8},"end":{"line":42,"column":10}},"12":{"start":{"line":43,"column":8},"end":{"line":46,"column":10}},"13":{"start":{"line":51,"column":19},"end":{"line":51,"column":21}},"14":{"start":{"line":52,"column":8},"end":{"line":75,"column":9}},"15":{"start":{"line":56,"column":24},"end":{"line":58,"column":25}},"16":{"start":{"line":57,"column":28},"end":{"line":57,"column":48}},"17":{"start":{"line":61,"column":37},"end":{"line":61,"column":39}},"18":{"start":{"line":62,"column":24},"end":{"line":64,"column":25}},"19":{"start":{"line":63,"column":28},"end":{"line":63,"column":53}},"20":{"start":{"line":65,"column":24},"end":{"line":65,"column":40}},"21":{"start":{"line":68,"column":24},"end":{"line":68,"column":40}},"22":{"start":{"line":71,"column":24},"end":{"line":71,"column":33}}},"fnMap":{"0":{"name":"(anonymous_0)","decl":{"start":{"line":7,"column":4},"end":{"line":7,"column":5}},"loc":{"start":{"line":7,"column":80},"end":{"line":18,"column":5}},"line":7},"1":{"name":"(anonymous_1)","decl":{"start":{"line":9,"column":29},"end":{"line":9,"column":30}},"loc":{"start":{"line":9,"column":47},"end":{"line":11,"column":13}},"line":9},"2":{"name":"(anonymous_2)","decl":{"start":{"line":19,"column":4},"end":{"line":19,"column":5}},"loc":{"start":{"line":19,"column":18},"end":{"line":49,"column":5}},"line":19},"3":{"name":"(anonymous_3)","decl":{"start":{"line":50,"column":4},"end":{"line":50,"column":5}},"loc":{"start":{"line":50,"column":18},"end":{"line":76,"column":5}},"line":50},"4":{"name":"(anonymous_4)","decl":{"start":{"line":55,"column":25},"end":{"line":55,"column":26}},"loc":{"start":{"line":55,"column":34},"end":{"line":59,"column":21}},"line":55},"5":{"name":"(anonymous_5)","decl":{"start":{"line":60,"column":25},"end":{"line":60,"column":26}},"loc":{"start":{"line":60,"column":46},"end":{"line":66,"column":21}},"line":60},"6":{"name":"(anonymous_6)","decl":{"start":{"line":67,"column":28},"end":{"line":67,"column":29}},"loc":{"start":{"line":67,"column":37},"end":{"line":69,"column":21}},"line":67},"7":{"name":"(anonymous_7)","decl":{"start":{"line":70,"column":27},"end":{"line":70,"column":28}},"loc":{"start":{"line":70,"column":33},"end":{"line":72,"column":21}},"line":70}},"branchMap":{"0":{"loc":{"start":{"line":7,"column":13},"end":{"line":7,"column":29}},"type":"default-arg","locations":[{"start":{"line":7,"column":24},"end":{"line":7,"column":29}}],"line":7},"1":{"loc":{"start":{"line":7,"column":31},"end":{"line":7,"column":38}},"type":"default-arg","locations":[{"start":{"line":7,"column":36},"end":{"line":7,"column":38}}],"line":7},"2":{"loc":{"start":{"line":7,"column":40},"end":{"line":7,"column":47}},"type":"default-arg","locations":[{"start":{"line":7,"column":45},"end":{"line":7,"column":47}}],"line":7},"3":{"loc":{"start":{"line":7,"column":49},"end":{"line":7,"column":59}},"type":"default-arg","locations":[{"start":{"line":7,"column":54},"end":{"line":7,"column":59}}],"line":7},"4":{"loc":{"start":{"line":7,"column":61},"end":{"line":7,"column":77}},"type":"default-arg","locations":[{"start":{"line":7,"column":74},"end":{"line":7,"column":77}}],"line":7},"5":{"loc":{"start":{"line":10,"column":23},"end":{"line":10,"column":76}},"type":"binary-expr","locations":[{"start":{"line":10,"column":23},"end":{"line":10,"column":38}},{"start":{"line":10,"column":42},"end":{"line":10,"column":76}}],"line":10},"6":{"loc":{"start":{"line":13,"column":8},"end":{"line":17,"column":9}},"type":"if","locations":[{"start":{"line":13,"column":8},"end":{"line":17,"column":9}},{"start":{"line":15,"column":15},"end":{"line":17,"column":9}}],"line":13}},"s":{"0":3,"1":3,"2":13,"3":78,"4":13,"5":1,"6":12,"7":2,"8":2,"9":2,"10":2,"11":2,"12":2,"13":2,"14":2,"15":13,"16":13,"17":35,"18":35,"19":35,"20":35,"21":1,"22":2},"f":{"0":13,"1":78,"2":2,"3":2,"4":13,"5":35,"6":1,"7":2},"b":{"0":[10],"1":[0],"2":[0],"3":[12],"4":[13],"5":[78,78],"6":[1,12]},"_coverageSchema":"1a1c01bbd47fc00a2c39e90264f33305004495a9","hash":"08c738f4f01cd2cdf058ccef46d919aae19f5ae0"}
}
