TN:
SF:src/api/graphql.js
FN:9,(anonymous_0)
FN:13,(anonymous_1)
FN:17,(anonymous_2)
FN:33,(anonymous_3)
FN:51,(anonymous_4)
FN:54,(anonymous_5)
FN:70,(anonymous_6)
FN:92,(anonymous_7)
FN:93,(anonymous_8)
FN:111,(anonymous_9)
FN:112,(anonymous_10)
FN:131,(anonymous_11)
FN:132,(anonymous_12)
FN:151,(anonymous_13)
FN:152,(anonymous_14)
FN:169,(anonymous_15)
FN:170,(anonymous_16)
FN:189,(anonymous_17)
FNF:18
FNH:17
FNDA:2,(anonymous_0)
FNDA:4,(anonymous_1)
FNDA:5,(anonymous_2)
FNDA:4,(anonymous_3)
FNDA:12,(anonymous_4)
FNDA:8,(anonymous_5)
FNDA:12,(anonymous_6)
FNDA:1,(anonymous_7)
FNDA:1,(anonymous_8)
FNDA:2,(anonymous_9)
FNDA:2,(anonymous_10)
FNDA:2,(anonymous_11)
FNDA:2,(anonymous_12)
FNDA:2,(anonymous_13)
FNDA:2,(anonymous_14)
FNDA:1,(anonymous_15)
FNDA:1,(anonymous_16)
FNDA:0,(anonymous_17)
DA:3,2
DA:10,2
DA:11,2
DA:14,4
DA:18,5
DA:19,5
DA:20,4
DA:22,4
DA:23,2
DA:26,4
DA:28,1
DA:34,4
DA:35,4
DA:36,4
DA:37,12
DA:38,12
DA:39,5
DA:40,5
DA:44,4
DA:45,4
DA:46,5
DA:47,5
DA:51,12
DA:55,8
DA:56,8
DA:57,8
DA:58,8
DA:59,8
DA:61,0
DA:65,0
DA:66,0
DA:71,12
DA:89,5
DA:93,1
DA:94,1
DA:107,1
DA:112,2
DA:113,2
DA:127,2
DA:132,2
DA:133,2
DA:147,2
DA:152,2
DA:153,2
DA:165,2
DA:170,1
DA:171,1
DA:185,1
DA:190,0
DA:206,0
LF:50
LH:45
BRDA:17,0,0,4
BRDA:19,1,0,4
BRDA:19,1,1,1
BRDA:22,2,0,2
BRDA:22,2,1,2
BRDA:46,3,0,5
BRDA:46,3,1,0
BRDA:65,4,0,0
BRDA:65,4,1,0
BRF:9
BRH:6
end_of_record
TN:
SF:src/constants/constants.js
FNF:0
FNH:0
DA:2,1
DA:3,1
DA:4,1
DA:5,1
DA:6,1
LF:5
LH:5
BRF:0
BRH:0
end_of_record
TN:
SF:src/storage/storage.js
FN:3,(anonymous_0)
FN:7,(anonymous_1)
FN:11,(anonymous_2)
FN:14,(anonymous_3)
FN:15,(anonymous_4)
FN:16,(anonymous_5)
FN:30,(anonymous_6)
FN:34,(anonymous_7)
FN:46,(anonymous_8)
FN:50,(anonymous_9)
FN:62,(anonymous_10)
FN:65,(anonymous_11)
FN:68,(anonymous_12)
FNF:13
FNH:13
FNDA:2,(anonymous_0)
FNDA:2,(anonymous_1)
FNDA:13,(anonymous_2)
FNDA:35,(anonymous_3)
FNDA:35,(anonymous_4)
FNDA:35,(anonymous_5)
FNDA:5,(anonymous_6)
FNDA:12,(anonymous_7)
FNDA:8,(anonymous_8)
FNDA:14,(anonymous_9)
FNDA:1,(anonymous_10)
FNDA:5,(anonymous_11)
FNDA:2,(anonymous_12)
DA:4,2
DA:5,2
DA:8,2
DA:12,13
DA:15,35
DA:16,35
DA:17,35
DA:31,5
DA:32,5
DA:35,12
DA:36,12
DA:37,11
DA:38,11
DA:39,1
DA:41,10
DA:44,1
DA:47,8
DA:48,8
DA:51,14
DA:52,14
DA:53,11
DA:54,11
DA:55,4
DA:57,7
DA:60,3
DA:63,1
DA:66,5
DA:69,2
LF:28
LH:28
BRDA:17,0,0,35
BRDA:17,0,1,35
BRDA:17,0,2,7
BRDA:36,1,0,11
BRDA:36,1,1,1
BRDA:38,2,0,1
BRDA:38,2,1,10
BRDA:52,3,0,11
BRDA:52,3,1,3
BRDA:54,4,0,4
BRDA:54,4,1,7
BRF:11
BRH:11
end_of_record
TN:
SF:src/utils/aes256.js
FN:5,(anonymous_0)
FN:20,(anonymous_1)
FNF:2
FNH:2
FNDA:14,(anonymous_0)
FNDA:24,(anonymous_1)
DA:1,3
DA:3,3
DA:6,14
DA:7,14
DA:12,14
DA:14,14
DA:21,24
DA:22,24
DA:23,24
DA:24,24
DA:29,24
DA:31,24
LF:12
LH:12
BRF:0
BRH:0
end_of_record
TN:
SF:src/wallet/wallet.js
FN:13,(anonymous_0)
FN:19,(anonymous_1)
FN:22,(anonymous_2)
FN:25,(anonymous_3)
FN:28,(anonymous_4)
FN:32,(anonymous_5)
FN:37,(anonymous_6)
FN:43,(anonymous_7)
FN:47,(anonymous_8)
FN:59,(anonymous_9)
FN:66,(anonymous_10)
FN:92,(anonymous_11)
FN:94,(anonymous_12)
FN:111,(anonymous_13)
FN:131,(anonymous_14)
FN:152,(anonymous_15)
FN:161,(anonymous_16)
FNF:17
FNH:17
FNDA:1,(anonymous_0)
FNDA:1,(anonymous_1)
FNDA:10,(anonymous_2)
FNDA:6,(anonymous_3)
FNDA:3,(anonymous_4)
FNDA:2,(anonymous_5)
FNDA:1,(anonymous_6)
FNDA:1,(anonymous_7)
FNDA:2,(anonymous_8)
FNDA:1,(anonymous_9)
FNDA:3,(anonymous_10)
FNDA:2,(anonymous_11)
FNDA:2,(anonymous_12)
FNDA:2,(anonymous_13)
FNDA:1,(anonymous_14)
FNDA:2,(anonymous_15)
FNDA:1,(anonymous_16)
DA:7,1
DA:8,1
DA:9,1
DA:10,1
DA:14,1
DA:15,1
DA:16,1
DA:17,1
DA:20,1
DA:23,10
DA:26,6
DA:29,3
DA:30,3
DA:33,2
DA:34,2
DA:35,2
DA:38,1
DA:39,1
DA:40,1
DA:41,1
DA:44,1
DA:45,1
DA:48,2
DA:49,2
DA:51,2
DA:53,2
DA:54,2
DA:55,2
DA:57,2
DA:60,1
DA:61,1
DA:62,1
DA:64,1
DA:67,3
DA:68,1
DA:71,2
DA:72,2
DA:73,2
DA:89,2
DA:90,2
DA:92,2
DA:93,2
DA:94,2
DA:95,2
DA:96,2
DA:97,2
DA:98,2
DA:99,2
DA:100,2
DA:102,0
DA:106,0
DA:112,2
DA:113,1
DA:127,1
DA:128,1
DA:132,1
DA:133,1
DA:148,1
DA:149,1
DA:153,2
DA:154,2
DA:155,1
DA:157,2
DA:158,2
DA:162,1
DA:163,1
DA:164,1
LF:67
LH:65
BRDA:26,0,0,6
BRDA:26,0,1,5
BRDA:67,1,0,1
BRDA:67,1,1,2
BRDA:84,2,0,1
BRDA:84,2,1,1
BRDA:154,3,0,1
BRDA:154,3,1,1
BRF:8
BRH:8
end_of_record
TN:
SF:test/mock.js
FN:7,(anonymous_0)
FN:9,(anonymous_1)
FN:19,(anonymous_2)
FN:50,(anonymous_3)
FN:55,(anonymous_4)
FN:60,(anonymous_5)
FN:67,(anonymous_6)
FN:70,(anonymous_7)
FNF:8
FNH:8
FNDA:13,(anonymous_0)
FNDA:78,(anonymous_1)
FNDA:2,(anonymous_2)
FNDA:2,(anonymous_3)
FNDA:13,(anonymous_4)
FNDA:35,(anonymous_5)
FNDA:1,(anonymous_6)
FNDA:2,(anonymous_7)
DA:3,3
DA:4,3
DA:8,13
DA:10,78
DA:13,13
DA:14,1
DA:16,12
DA:20,2
DA:26,2
DA:30,2
DA:35,2
DA:39,2
DA:43,2
DA:51,2
DA:52,2
DA:56,13
DA:57,13
DA:61,35
DA:62,35
DA:63,35
DA:65,35
DA:68,1
DA:71,2
LF:23
LH:23
BRDA:7,0,0,10
BRDA:7,1,0,0
BRDA:7,2,0,0
BRDA:7,3,0,12
BRDA:7,4,0,13
BRDA:10,5,0,78
BRDA:10,5,1,78
BRDA:13,6,0,1
BRDA:13,6,1,12
BRF:9
BRH:7
end_of_record
